Watching for file changes with StatReloader
"GET / HTTP/1.1" 200 13
Not Found: /favicon.ico
"GET /favicon.ico HTTP/1.1" 404 2714
Not Found: /prefix
"GET /prefix HTTP/1.1" 404 2699
"GET /about HTTP/1.1" 301 0
"GET /about/ HTTP/1.1" 200 26
C:\IT\django\first_django\first_django\settings.py changed, reloading.
Watching for file changes with StatReloader
Index page accessed
"GET / HTTP/1.1" 200 13
Index page accessed
"GET / HTTP/1.1" 200 13
Error in about page: division by zero
Traceback (most recent call last):
  File "C:\IT\django\first_django\django_app\views.py", line 16, in about
    result = 1 / 0
             ~~^~~
ZeroDivisionError: division by zero
"GET /about/ HTTP/1.1" 200 26
C:\IT\django\first_django\first_django\settings.py changed, reloading.
Watching for file changes with StatReloader
Error in about page: division by zero
Traceback (most recent call last):
  File "C:\IT\django\first_django\django_app\views.py", line 16, in about
    result = 1 / 0
             ~~^~~
ZeroDivisionError: division by zero
"GET /about/ HTTP/1.1" 200 26
C:\IT\django\first_django\first_django\settings.py changed, reloading.
Watching for file changes with StatReloader
C:\IT\django\first_django\first_django\settings.py changed, reloading.
